<?xml version="1.0" encoding="UTF-8"?>
<robot generator="Robot 7.1.1 (Python 3.13.0 on darwin)" generated="2024-11-29T17:58:17.465174" rpa="false" schemaversion="5">
<suite id="s1" name="Test-Scenarios" source="/Users/redenlongcop/Documents/CONNEXI_AUTOMATION/test-scenarios">
<suite id="s1-s1" name="TS-SIT-001" source="/Users/redenlongcop/Documents/CONNEXI_AUTOMATION/test-scenarios/TS-SIT-001.robot">
<test id="s1-s1-t1" name="Sample test" line="22">
<kw name="Main Web Setup" owner="kadenaApp" type="SETUP">
<kw name="Main Web Setup" owner="common">
<kw name="Empty Directory" owner="OperatingSystem">
<msg time="2024-11-29T17:58:17.576158" level="INFO" html="true">Listing contents of directory '&lt;a href="file:///Users/redenlongcop/Documents/CONNEXI_AUTOMATION/reports/screenshots"&gt;/Users/redenlongcop/Documents/CONNEXI_AUTOMATION/reports/screenshots&lt;/a&gt;'.</msg>
<msg time="2024-11-29T17:58:17.576204" level="INFO" html="true">Emptied directory '&lt;a href="file:///Users/redenlongcop/Documents/CONNEXI_AUTOMATION/reports/screenshots"&gt;/Users/redenlongcop/Documents/CONNEXI_AUTOMATION/reports/screenshots&lt;/a&gt;'.</msg>
<arg>reports/screenshots</arg>
<doc>Deletes all the content from the given directory.</doc>
<status status="PASS" start="2024-11-29T17:58:17.576080" elapsed="0.000149"/>
</kw>
<kw name="Set Screenshot Directory" owner="SeleniumLibrary">
<arg>reports/screenshots</arg>
<doc>Sets the directory for captured screenshots.</doc>
<status status="PASS" start="2024-11-29T17:58:17.576299" elapsed="0.000083"/>
</kw>
<kw name="Open Browser" owner="SeleniumLibrary">
<msg time="2024-11-29T17:58:17.576522" level="INFO">Opening browser 'Edge' to base url 'about:blank'.</msg>
<arg>about:blank</arg>
<arg>${BROWSER}</arg>
<doc>Opens a new browser instance to the optional ``url``.</doc>
<status status="PASS" start="2024-11-29T17:58:17.576453" elapsed="1.446605"/>
</kw>
<arg>${browser}</arg>
<doc>This is the main setup for the connexi</doc>
<status status="PASS" start="2024-11-29T17:58:17.575640" elapsed="1.447625"/>
</kw>
<arg>${BROWSER}</arg>
<status status="PASS" start="2024-11-29T17:58:17.575458" elapsed="1.447853"/>
</kw>
<kw name="GIVEN I go to web login page" owner="kadenaApp">
<kw name="Navigate to login page" owner="web_login">
<kw name="Go To" owner="SeleniumLibrary">
<msg time="2024-11-29T17:58:19.024140" level="INFO">Opening url 'https://kadena.test.amihan.net'</msg>
<arg>${url}</arg>
<doc>Navigates the current browser window to the provided ``url``.</doc>
<status status="PASS" start="2024-11-29T17:58:19.024072" elapsed="0.544708"/>
</kw>
<arg>${url}</arg>
<status status="PASS" start="2024-11-29T17:58:19.023934" elapsed="0.544961"/>
</kw>
<kw name="Verify Page Loaded" owner="web_login">
<kw name="Wait Until Page Contains" owner="SeleniumLibrary">
<arg>${locator}</arg>
<doc>Waits until ``text`` appears on the current page.</doc>
<status status="PASS" start="2024-11-29T17:58:19.569257" elapsed="0.008191"/>
</kw>
<arg>${locator}</arg>
<status status="PASS" start="2024-11-29T17:58:19.569027" elapsed="0.008498"/>
</kw>
<arg>${BASE_URL}</arg>
<arg>${LOGIN_HEADER}</arg>
<status status="PASS" start="2024-11-29T17:58:19.023664" elapsed="0.553895"/>
</kw>
<kw name="WHEN I enter" owner="kadenaApp">
<kw name="Enter credential" owner="web_login">
<kw name="Input Text" owner="SeleniumLibrary">
<msg time="2024-11-29T17:58:19.578597" level="INFO">Typing text 'test-order-receiver-3@example.com' into text field 'name=username'.</msg>
<arg>${locator}</arg>
<arg>${credential}</arg>
<doc>Types the given ``text`` into the text field identified by ``locator``.</doc>
<status status="PASS" start="2024-11-29T17:58:19.578256" elapsed="0.089448"/>
</kw>
<arg>${credentials}</arg>
<arg>${locator}</arg>
<status status="PASS" start="2024-11-29T17:58:19.577993" elapsed="0.089782"/>
</kw>
<arg>${ORDERING_EMAIL}</arg>
<arg>${EMAIL}</arg>
<status status="PASS" start="2024-11-29T17:58:19.577716" elapsed="0.090090"/>
</kw>
<kw name="AND I enter" owner="kadenaApp">
<kw name="Enter credential" owner="web_login">
<kw name="Input Text" owner="SeleniumLibrary">
<msg time="2024-11-29T17:58:19.668672" level="INFO">Typing text 'password' into text field 'name=password'.</msg>
<arg>${locator}</arg>
<arg>${credential}</arg>
<doc>Types the given ``text`` into the text field identified by ``locator``.</doc>
<status status="PASS" start="2024-11-29T17:58:19.668459" elapsed="0.041485"/>
</kw>
<arg>${credentials}</arg>
<arg>${locator}</arg>
<status status="PASS" start="2024-11-29T17:58:19.668309" elapsed="0.041702"/>
</kw>
<arg>${VALID_PASSWORD}</arg>
<arg>${PASSWORD}</arg>
<status status="PASS" start="2024-11-29T17:58:19.668061" elapsed="0.041979"/>
</kw>
<kw name="WHEN I click" owner="kadenaApp">
<kw name="Click login" owner="web_login">
<kw name="Click Element" owner="SeleniumLibrary">
<msg time="2024-11-29T17:58:19.710633" level="INFO">Clicking element 'name=login'.</msg>
<arg>${locator}</arg>
<doc>Click the element identified by ``locator``.</doc>
<status status="PASS" start="2024-11-29T17:58:19.710531" elapsed="4.144821"/>
</kw>
<arg>${locator}</arg>
<status status="PASS" start="2024-11-29T17:58:19.710389" elapsed="4.145103"/>
</kw>
<arg>${LOGIN_BUTTON}</arg>
<status status="PASS" start="2024-11-29T17:58:19.710177" elapsed="4.145382"/>
</kw>
<kw name="THEN I should be redirected" owner="kadenaApp">
<kw name="Verify header text" owner="web_home">
<kw name="Run Keyword And Return Status" owner="BuiltIn">
<kw name="Get text header" owner="web_home">
<kw name="Wait Until Keyword Succeeds" owner="BuiltIn">
<kw name="Get Text">
<msg time="2024-11-29T17:58:23.858250" level="FAIL">Multiple keywords with name 'Get Text' found. Give the full name of the keyword you want to use:
    AppiumLibrary.Get Text
    SeleniumLibrary.Get Text</msg>
<arg>${locator}</arg>
<status status="FAIL" start="2024-11-29T17:58:23.858200" elapsed="0.000118">Multiple keywords with name 'Get Text' found. Give the full name of the keyword you want to use:
    AppiumLibrary.Get Text
    SeleniumLibrary.Get Text</status>
</kw>
<kw name="Get Text">
<msg time="2024-11-29T17:58:24.861992" level="FAIL">Multiple keywords with name 'Get Text' found. Give the full name of the keyword you want to use:
    AppiumLibrary.Get Text
    SeleniumLibrary.Get Text</msg>
<arg>${locator}</arg>
<status status="FAIL" start="2024-11-29T17:58:24.861841" elapsed="0.000238">Multiple keywords with name 'Get Text' found. Give the full name of the keyword you want to use:
    AppiumLibrary.Get Text
    SeleniumLibrary.Get Text</status>
</kw>
<kw name="Get Text">
<msg time="2024-11-29T17:58:25.864024" level="FAIL">Multiple keywords with name 'Get Text' found. Give the full name of the keyword you want to use:
    AppiumLibrary.Get Text
    SeleniumLibrary.Get Text</msg>
<arg>${locator}</arg>
<status status="FAIL" start="2024-11-29T17:58:25.863730" elapsed="0.000492">Multiple keywords with name 'Get Text' found. Give the full name of the keyword you want to use:
    AppiumLibrary.Get Text
    SeleniumLibrary.Get Text</status>
</kw>
<kw name="Get Text">
<msg time="2024-11-29T17:58:26.865424" level="FAIL">Multiple keywords with name 'Get Text' found. Give the full name of the keyword you want to use:
    AppiumLibrary.Get Text
    SeleniumLibrary.Get Text</msg>
<arg>${locator}</arg>
<status status="FAIL" start="2024-11-29T17:58:26.865227" elapsed="0.000342">Multiple keywords with name 'Get Text' found. Give the full name of the keyword you want to use:
    AppiumLibrary.Get Text
    SeleniumLibrary.Get Text</status>
</kw>
<kw name="Get Text">
<msg time="2024-11-29T17:58:27.868842" level="FAIL">Multiple keywords with name 'Get Text' found. Give the full name of the keyword you want to use:
    AppiumLibrary.Get Text
    SeleniumLibrary.Get Text</msg>
<arg>${locator}</arg>
<status status="FAIL" start="2024-11-29T17:58:27.868587" elapsed="0.000466">Multiple keywords with name 'Get Text' found. Give the full name of the keyword you want to use:
    AppiumLibrary.Get Text
    SeleniumLibrary.Get Text</status>
</kw>
<kw name="Get Text">
<msg time="2024-11-29T17:58:28.872770" level="FAIL">Multiple keywords with name 'Get Text' found. Give the full name of the keyword you want to use:
    AppiumLibrary.Get Text
    SeleniumLibrary.Get Text</msg>
<arg>${locator}</arg>
<status status="FAIL" start="2024-11-29T17:58:28.872510" elapsed="0.001728">Multiple keywords with name 'Get Text' found. Give the full name of the keyword you want to use:
    AppiumLibrary.Get Text
    SeleniumLibrary.Get Text</status>
</kw>
<kw name="Get Text">
<msg time="2024-11-29T17:58:29.877171" level="FAIL">Multiple keywords with name 'Get Text' found. Give the full name of the keyword you want to use:
    AppiumLibrary.Get Text
    SeleniumLibrary.Get Text</msg>
<arg>${locator}</arg>
<status status="FAIL" start="2024-11-29T17:58:29.876907" elapsed="0.000456">Multiple keywords with name 'Get Text' found. Give the full name of the keyword you want to use:
    AppiumLibrary.Get Text
    SeleniumLibrary.Get Text</status>
</kw>
<kw name="Get Text">
<msg time="2024-11-29T17:58:30.879823" level="FAIL">Multiple keywords with name 'Get Text' found. Give the full name of the keyword you want to use:
    AppiumLibrary.Get Text
    SeleniumLibrary.Get Text</msg>
<arg>${locator}</arg>
<status status="FAIL" start="2024-11-29T17:58:30.879575" elapsed="0.000461">Multiple keywords with name 'Get Text' found. Give the full name of the keyword you want to use:
    AppiumLibrary.Get Text
    SeleniumLibrary.Get Text</status>
</kw>
<kw name="Get Text">
<msg time="2024-11-29T17:58:31.882942" level="FAIL">Multiple keywords with name 'Get Text' found. Give the full name of the keyword you want to use:
    AppiumLibrary.Get Text
    SeleniumLibrary.Get Text</msg>
<arg>${locator}</arg>
<status status="FAIL" start="2024-11-29T17:58:31.882729" elapsed="0.000383">Multiple keywords with name 'Get Text' found. Give the full name of the keyword you want to use:
    AppiumLibrary.Get Text
    SeleniumLibrary.Get Text</status>
</kw>
<kw name="Get Text">
<msg time="2024-11-29T17:58:32.884993" level="FAIL">Multiple keywords with name 'Get Text' found. Give the full name of the keyword you want to use:
    AppiumLibrary.Get Text
    SeleniumLibrary.Get Text</msg>
<arg>${locator}</arg>
<status status="FAIL" start="2024-11-29T17:58:32.884719" elapsed="0.000463">Multiple keywords with name 'Get Text' found. Give the full name of the keyword you want to use:
    AppiumLibrary.Get Text
    SeleniumLibrary.Get Text</status>
</kw>
<kw name="Get Text">
<msg time="2024-11-29T17:58:33.888113" level="FAIL">Multiple keywords with name 'Get Text' found. Give the full name of the keyword you want to use:
    AppiumLibrary.Get Text
    SeleniumLibrary.Get Text</msg>
<arg>${locator}</arg>
<status status="FAIL" start="2024-11-29T17:58:33.887685" elapsed="0.000660">Multiple keywords with name 'Get Text' found. Give the full name of the keyword you want to use:
    AppiumLibrary.Get Text
    SeleniumLibrary.Get Text</status>
</kw>
<msg time="2024-11-29T17:58:33.889064" level="FAIL">Keyword 'Get Text' failed after retrying for 10 seconds. The last error was: Multiple keywords with name 'Get Text' found. Give the full name of the keyword you want to use:
    AppiumLibrary.Get Text
    SeleniumLibrary.Get Text</msg>
<var>${actual_header_text}</var>
<arg>10</arg>
<arg>1s</arg>
<arg>Get Text</arg>
<arg>${locator}</arg>
<doc>Runs the specified keyword and retries if it fails.</doc>
<status status="FAIL" start="2024-11-29T17:58:23.857847" elapsed="10.032185">Keyword 'Get Text' failed after retrying for 10 seconds. The last error was: Multiple keywords with name 'Get Text' found. Give the full name of the keyword you want to use:
    AppiumLibrary.Get Text
    SeleniumLibrary.Get Text</status>
</kw>
<arg>${locator}</arg>
<status status="FAIL" start="2024-11-29T17:58:23.856873" elapsed="10.033527">Keyword 'Get Text' failed after retrying for 10 seconds. The last error was: Multiple keywords with name 'Get Text' found. Give the full name of the keyword you want to use:
    AppiumLibrary.Get Text
    SeleniumLibrary.Get Text</status>
</kw>
<msg time="2024-11-29T17:58:33.890769" level="INFO">${status} = False</msg>
<var>${status}</var>
<arg>Get text header</arg>
<arg>${locator}</arg>
<doc>Runs the given keyword with given arguments and returns the status as a Boolean value.</doc>
<status status="PASS" start="2024-11-29T17:58:23.856649" elapsed="10.034162"/>
</kw>
<if>
<branch type="IF" condition="'${status}' == 'FAIL'">
<kw name="Get page contains" owner="web_home">
<arg>${expected_header_text}</arg>
<status status="NOT RUN" start="2024-11-29T17:58:33.891740" elapsed="0.000049"/>
</kw>
<status status="NOT RUN" start="2024-11-29T17:58:33.891132" elapsed="0.000704"/>
</branch>
<status status="PASS" start="2024-11-29T17:58:33.891032" elapsed="0.000884"/>
</if>
<arg>${text}</arg>
<arg>${locator}</arg>
<status status="PASS" start="2024-11-29T17:58:23.856297" elapsed="10.035693"/>
</kw>
<arg>Ordering</arg>
<arg>${MODULES_HEADER_BANNER}</arg>
<status status="PASS" start="2024-11-29T17:58:23.855827" elapsed="10.036257"/>
</kw>
<doc>Sample test case</doc>
<tag>Sample</tag>
<status status="PASS" start="2024-11-29T17:58:17.575109" elapsed="16.317374"/>
</test>
<doc>Testsuite for test scenarios under TS-SIT-001</doc>
<status status="PASS" start="2024-11-29T17:58:17.478802" elapsed="16.414990"/>
</suite>
<status status="PASS" start="2024-11-29T17:58:17.465727" elapsed="16.429259"/>
</suite>
<statistics>
<total>
<stat pass="1" fail="0" skip="0">All Tests</stat>
</total>
<tag>
<stat pass="1" fail="0" skip="0">Sample</stat>
</tag>
<suite>
<stat pass="1" fail="0" skip="0" id="s1" name="Test-Scenarios">Test-Scenarios</stat>
<stat pass="1" fail="0" skip="0" id="s1-s1" name="TS-SIT-001">Test-Scenarios.TS-SIT-001</stat>
</suite>
</statistics>
<errors>
</errors>
</robot>
